Collecting git+https://github.com/facebookresearch/detectron2.git
  Cloning https://github.com/facebookresearch/detectron2.git to C:\Users\USER\AppData\Local\Temp\pip-req-build-71lobsz3
  Running command git clone --filter=blob:none --quiet https://github.com/facebookresearch/detectron2.git 'C:\Users\USER\AppData\Local\Temp\pip-req-build-71lobsz3'
  Resolved https://github.com/facebookresearch/detectron2.git to commit 8a9d885b3d4dcf1bef015f0593b872ed8d32b4ab
  Preparing metadata (pyproject.toml): started
  Preparing metadata (pyproject.toml): finished with status 'done'
Requirement already satisfied: Pillow>=7.1 in c:\users\user\anaconda3\envs\4d-humans\lib\site-packages (from detectron2==0.6) (12.1.1)
Collecting matplotlib (from detectron2==0.6)
  Downloading matplotlib-3.10.8-cp310-cp310-win_amd64.whl.metadata (52 kB)
Requirement already satisfied: pycocotools>=2.0.2 in c:\users\user\anaconda3\envs\4d-humans\lib\site-packages (from detectron2==0.6) (2.0.11)
Requirement already satisfied: termcolor>=1.1 in c:\users\user\anaconda3\envs\4d-humans\lib\site-packages (from detectron2==0.6) (3.3.0)
Requirement already satisfied: yacs>=0.1.8 in c:\users\user\anaconda3\envs\4d-humans\lib\site-packages (from detectron2==0.6) (0.1.8)
Requirement already satisfied: tabulate in c:\users\user\anaconda3\envs\4d-humans\lib\site-packages (from detectron2==0.6) (0.10.0)
Collecting cloudpickle (from detectron2==0.6)
  Downloading cloudpickle-3.1.2-py3-none-any.whl.metadata (7.1 kB)
Requirement already satisfied: tqdm>4.29.0 in c:\users\user\anaconda3\envs\4d-humans\lib\site-packages (from detectron2==0.6) (4.67.3)
Collecting tensorboard (from detectron2==0.6)
  Downloading tensorboard-2.20.0-py3-none-any.whl.metadata (1.8 kB)
Collecting fvcore<0.1.6,>=0.1.5 (from detectron2==0.6)
  Downloading fvcore-0.1.5.post20221221.tar.gz (50 kB)
  Preparing metadata (pyproject.toml): started
  Preparing metadata (pyproject.toml): finished with status 'done'
Collecting iopath<0.1.10,>=0.1.7 (from detectron2==0.6)
  Downloading iopath-0.1.9-py3-none-any.whl.metadata (370 bytes)
Collecting omegaconf<2.4,>=2.1 (from detectron2==0.6)
  Downloading omegaconf-2.3.0-py3-none-any.whl.metadata (3.9 kB)
Collecting hydra-core>=1.1 (from detectron2==0.6)
  Downloading hydra_core-1.3.2-py3-none-any.whl.metadata (5.5 kB)
Collecting black (from detectron2==0.6)
  Downloading black-26.3.1-cp310-cp310-win_amd64.whl.metadata (91 kB)
Requirement already satisfied: packaging in c:\users\user\anaconda3\envs\4d-humans\lib\site-packages (from detectron2==0.6) (26.0)
Requirement already satisfied: numpy in c:\users\user\anaconda3\envs\4d-humans\lib\site-packages (from fvcore<0.1.6,>=0.1.5->detectron2==0.6) (2.2.6)
Requirement already satisfied: pyyaml>=5.1 in c:\users\user\anaconda3\envs\4d-humans\lib\site-packages (from fvcore<0.1.6,>=0.1.5->detectron2==0.6) (6.0.3)
Requirement already satisfied: portalocker in c:\users\user\anaconda3\envs\4d-humans\lib\site-packages (from iopath<0.1.10,>=0.1.7->detectron2==0.6) (3.2.0)
Collecting antlr4-python3-runtime==4.9.* (from omegaconf<2.4,>=2.1->detectron2==0.6)
  Downloading antlr4-python3-runtime-4.9.3.tar.gz (117 kB)
  Preparing metadata (pyproject.toml): started
  Preparing metadata (pyproject.toml): finished with status 'done'
Requirement already satisfied: colorama in c:\users\user\anaconda3\envs\4d-humans\lib\site-packages (from tqdm>4.29.0->detectron2==0.6) (0.4.6)
Collecting click>=8.0.0 (from black->detectron2==0.6)
  Downloading click-8.3.1-py3-none-any.whl.metadata (2.6 kB)
Collecting mypy-extensions>=0.4.3 (from black->detectron2==0.6)
  Downloading mypy_extensions-1.1.0-py3-none-any.whl.metadata (1.1 kB)
Collecting pathspec>=1.0.0 (from black->detectron2==0.6)
  Downloading pathspec-1.0.4-py3-none-any.whl.metadata (13 kB)
Collecting platformdirs>=2 (from black->detectron2==0.6)
  Downloading platformdirs-4.9.4-py3-none-any.whl.metadata (4.7 kB)
Collecting pytokens~=0.4.0 (from black->detectron2==0.6)
  Downloading pytokens-0.4.1-cp310-cp310-win_amd64.whl.metadata (3.9 kB)
Collecting tomli>=1.1.0 (from black->detectron2==0.6)
  Downloading tomli-2.4.1-py3-none-any.whl.metadata (10 kB)
Requirement already satisfied: typing-extensions>=4.0.1 in c:\users\user\anaconda3\envs\4d-humans\lib\site-packages (from black->detectron2==0.6) (4.15.0)
Collecting contourpy>=1.0.1 (from matplotlib->detectron2==0.6)
  Downloading contourpy-1.3.2-cp310-cp310-win_amd64.whl.metadata (5.5 kB)
Collecting cycler>=0.10 (from matplotlib->detectron2==0.6)
  Downloading cycler-0.12.1-py3-none-any.whl.metadata (3.8 kB)
Collecting fonttools>=4.22.0 (from matplotlib->detectron2==0.6)
  Downloading fonttools-4.62.1-cp310-cp310-win_amd64.whl.metadata (119 kB)
Collecting kiwisolver>=1.3.1 (from matplotlib->detectron2==0.6)
  Downloading kiwisolver-1.5.0-cp310-cp310-win_amd64.whl.metadata (5.2 kB)
Collecting pyparsing>=3 (from matplotlib->detectron2==0.6)
  Downloading pyparsing-3.3.2-py3-none-any.whl.metadata (5.8 kB)
Collecting python-dateutil>=2.7 (from matplotlib->detectron2==0.6)
  Downloading python_dateutil-2.9.0.post0-py2.py3-none-any.whl.metadata (8.4 kB)
Collecting six>=1.5 (from python-dateutil>=2.7->matplotlib->detectron2==0.6)
  Downloading six-1.17.0-py2.py3-none-any.whl.metadata (1.7 kB)
Requirement already satisfied: pywin32>=226 in c:\users\user\anaconda3\envs\4d-humans\lib\site-packages (from portalocker->iopath<0.1.10,>=0.1.7->detectron2==0.6) (311)
Collecting absl-py>=0.4 (from tensorboard->detectron2==0.6)
  Downloading absl_py-2.4.0-py3-none-any.whl.metadata (3.3 kB)
Collecting grpcio>=1.48.2 (from tensorboard->detectron2==0.6)
  Downloading grpcio-1.80.0-cp310-cp310-win_amd64.whl.metadata (3.9 kB)
Collecting markdown>=2.6.8 (from tensorboard->detectron2==0.6)
  Downloading markdown-3.10.2-py3-none-any.whl.metadata (5.1 kB)
Collecting protobuf!=4.24.0,>=3.19.6 (from tensorboard->detectron2==0.6)
  Downloading protobuf-7.34.1-cp310-abi3-win_amd64.whl.metadata (595 bytes)
Requirement already satisfied: setuptools>=41.0.0 in c:\users\user\anaconda3\envs\4d-humans\lib\site-packages (from tensorboard->detectron2==0.6) (82.0.1)
Collecting tensorboard-data-server<0.8.0,>=0.7.0 (from tensorboard->detectron2==0.6)
  Downloading tensorboard_data_server-0.7.2-py3-none-any.whl.metadata (1.1 kB)
Collecting werkzeug>=1.0.1 (from tensorboard->detectron2==0.6)
  Downloading werkzeug-3.1.8-py3-none-any.whl.metadata (4.0 kB)
Requirement already satisfied: markupsafe>=2.1.1 in c:\users\user\anaconda3\envs\4d-humans\lib\site-packages (from werkzeug>=1.0.1->tensorboard->detectron2==0.6) (3.0.3)
Downloading iopath-0.1.9-py3-none-any.whl (27 kB)
Downloading omegaconf-2.3.0-py3-none-any.whl (79 kB)
Downloading hydra_core-1.3.2-py3-none-any.whl (154 kB)
Downloading black-26.3.1-cp310-cp310-win_amd64.whl (1.4 MB)
   ---------------------------------------- 1.4/1.4 MB 18.6 MB/s  0:00:00
Downloading pytokens-0.4.1-cp310-cp310-win_amd64.whl (103 kB)
Downloading click-8.3.1-py3-none-any.whl (108 kB)
Downloading mypy_extensions-1.1.0-py3-none-any.whl (5.0 kB)
Downloading pathspec-1.0.4-py3-none-any.whl (55 kB)
Downloading platformdirs-4.9.4-py3-none-any.whl (21 kB)
Downloading tomli-2.4.1-py3-none-any.whl (14 kB)
Downloading cloudpickle-3.1.2-py3-none-any.whl (22 kB)
Downloading matplotlib-3.10.8-cp310-cp310-win_amd64.whl (8.1 MB)
   ---------------------------------------- 8.1/8.1 MB 31.5 MB/s  0:00:00
Downloading contourpy-1.3.2-cp310-cp310-win_amd64.whl (221 kB)
Downloading cycler-0.12.1-py3-none-any.whl (8.3 kB)
Downloading fonttools-4.62.1-cp310-cp310-win_amd64.whl (1.6 MB)
   ---------------------------------------- 1.6/1.6 MB 41.8 MB/s  0:00:00
Downloading kiwisolver-1.5.0-cp310-cp310-win_amd64.whl (73 kB)
Downloading pyparsing-3.3.2-py3-none-any.whl (122 kB)
Downloading python_dateutil-2.9.0.post0-py2.py3-none-any.whl (229 kB)
Downloading six-1.17.0-py2.py3-none-any.whl (11 kB)
Downloading tensorboard-2.20.0-py3-none-any.whl (5.5 MB)
   ---------------------------------------- 5.5/5.5 MB 56.0 MB/s  0:00:00
Downloading tensorboard_data_server-0.7.2-py3-none-any.whl (2.4 kB)
Downloading absl_py-2.4.0-py3-none-any.whl (135 kB)
Downloading grpcio-1.80.0-cp310-cp310-win_amd64.whl (4.9 MB)
   ---------------------------------------- 4.9/4.9 MB 59.3 MB/s  0:00:00
Downloading markdown-3.10.2-py3-none-any.whl (108 kB)
Downloading protobuf-7.34.1-cp310-abi3-win_amd64.whl (437 kB)
Downloading werkzeug-3.1.8-py3-none-any.whl (226 kB)
Building wheels for collected packages: detectron2, fvcore, antlr4-python3-runtime
  Building wheel for detectron2 (pyproject.toml): started
  Building wheel for detectron2 (pyproject.toml): finished with status 'error'
  error: subprocess-exited-with-error
  
  Building wheel for detectron2 (pyproject.toml) did not run successfully.
  exit code: 1
  
  [418 lines of output]
  running bdist_wheel
  running build
  running build_py
  creating build\lib.win-amd64-cpython-310\detectron2
  copying detectron2\__init__.py -> build\lib.win-amd64-cpython-310\detectron2
  creating build\lib.win-amd64-cpython-310\tools
  copying tools\analyze_model.py -> build\lib.win-amd64-cpython-310\tools
  copying tools\benchmark.py -> build\lib.win-amd64-cpython-310\tools
  copying tools\convert-torchvision-to-d2.py -> build\lib.win-amd64-cpython-310\tools
  copying tools\lazyconfig_train_net.py -> build\lib.win-amd64-cpython-310\tools
  copying tools\lightning_train_net.py -> build\lib.win-amd64-cpython-310\tools
  copying tools\plain_train_net.py -> build\lib.win-amd64-cpython-310\tools
  copying tools\train_net.py -> build\lib.win-amd64-cpython-310\tools
  copying tools\visualize_data.py -> build\lib.win-amd64-cpython-310\tools
  copying tools\visualize_json_results.py -> build\lib.win-amd64-cpython-310\tools
  copying tools\__init__.py -> build\lib.win-amd64-cpython-310\tools
  creating build\lib.win-amd64-cpython-310\detectron2\checkpoint
  copying detectron2\checkpoint\c2_model_loading.py -> build\lib.win-amd64-cpython-310\detectron2\checkpoint
  copying detectron2\checkpoint\catalog.py -> build\lib.win-amd64-cpython-310\detectron2\checkpoint
  copying detectron2\checkpoint\detection_checkpoint.py -> build\lib.win-amd64-cpython-310\detectron2\checkpoint
  copying detectron2\checkpoint\__init__.py -> build\lib.win-amd64-cpython-310\detectron2\checkpoint
  creating build\lib.win-amd64-cpython-310\detectron2\config
  copying detectron2\config\compat.py -> build\lib.win-amd64-cpython-310\detectron2\config
  copying detectron2\config\config.py -> build\lib.win-amd64-cpython-310\detectron2\config
  copying detectron2\config\defaults.py -> build\lib.win-amd64-cpython-310\detectron2\config
  copying detectron2\config\instantiate.py -> build\lib.win-amd64-cpython-310\detectron2\config
  copying detectron2\config\lazy.py -> build\lib.win-amd64-cpython-310\detectron2\config
  copying detectron2\config\__init__.py -> build\lib.win-amd64-cpython-310\detectron2\config
  creating build\lib.win-amd64-cpython-310\detectron2\data
  copying detectron2\data\benchmark.py -> build\lib.win-amd64-cpython-310\detectron2\data
  copying detectron2\data\build.py -> build\lib.win-amd64-cpython-310\detectron2\data
  copying detectron2\data\catalog.py -> build\lib.win-amd64-cpython-310\detectron2\data
  copying detectron2\data\common.py -> build\lib.win-amd64-cpython-310\detectron2\data
  copying detectron2\data\dataset_mapper.py -> build\lib.win-amd64-cpython-310\detectron2\data
  copying detectron2\data\detection_utils.py -> build\lib.win-amd64-cpython-310\detectron2\data
  copying detectron2\data\__init__.py -> build\lib.win-amd64-cpython-310\detectron2\data
  creating build\lib.win-amd64-cpython-310\detectron2\engine
  copying detectron2\engine\defaults.py -> build\lib.win-amd64-cpython-310\detectron2\engine
  copying detectron2\engine\hooks.py -> build\lib.win-amd64-cpython-310\detectron2\engine
  copying detectron2\engine\launch.py -> build\lib.win-amd64-cpython-310\detectron2\engine
  copying detectron2\engine\train_loop.py -> build\lib.win-amd64-cpython-310\detectron2\engine
  copying detectron2\engine\__init__.py -> build\lib.win-amd64-cpython-310\detectron2\engine
  creating build\lib.win-amd64-cpython-310\detectron2\evaluation
  copying detectron2\evaluation\cityscapes_evaluation.py -> build\lib.win-amd64-cpython-310\detectron2\evaluation
  copying detectron2\evaluation\coco_evaluation.py -> build\lib.win-amd64-cpython-310\detectron2\evaluation
  copying detectron2\evaluation\evaluator.py -> build\lib.win-amd64-cpython-310\detectron2\evaluation
  copying detectron2\evaluation\fast_eval_api.py -> build\lib.win-amd64-cpython-310\detectron2\evaluation
  copying detectron2\evaluation\lvis_evaluation.py -> build\lib.win-amd64-cpython-310\detectron2\evaluation
  copying detectron2\evaluation\panoptic_evaluation.py -> build\lib.win-amd64-cpython-310\detectron2\evaluation
  copying detectron2\evaluation\pascal_voc_evaluation.py -> build\lib.win-amd64-cpython-310\detectron2\evaluation
  copying detectron2\evaluation\rotated_coco_evaluation.py -> build\lib.win-amd64-cpython-310\detectron2\evaluation
  copying detectron2\evaluation\sem_seg_evaluation.py -> build\lib.win-amd64-cpython-310\detectron2\evaluation
  copying detectron2\evaluation\testing.py -> build\lib.win-amd64-cpython-310\detectron2\evaluation
  copying detectron2\evaluation\__init__.py -> build\lib.win-amd64-cpython-310\detectron2\evaluation
  creating build\lib.win-amd64-cpython-310\detectron2\export
  copying detectron2\export\api.py -> build\lib.win-amd64-cpython-310\detectron2\export
  copying detectron2\export\c10.py -> build\lib.win-amd64-cpython-310\detectron2\export
  copying detectron2\export\caffe2_export.py -> build\lib.win-amd64-cpython-310\detectron2\export
  copying detectron2\export\caffe2_inference.py -> build\lib.win-amd64-cpython-310\detectron2\export
  copying detectron2\export\caffe2_modeling.py -> build\lib.win-amd64-cpython-310\detectron2\export
  copying detectron2\export\caffe2_patch.py -> build\lib.win-amd64-cpython-310\detectron2\export
  copying detectron2\export\flatten.py -> build\lib.win-amd64-cpython-310\detectron2\export
  copying detectron2\export\shared.py -> build\lib.win-amd64-cpython-310\detectron2\export
  copying detectron2\export\torchscript.py -> build\lib.win-amd64-cpython-310\detectron2\export
  copying detectron2\export\torchscript_patch.py -> build\lib.win-amd64-cpython-310\detectron2\export
  copying detectron2\export\__init__.py -> build\lib.win-amd64-cpython-310\detectron2\export
  creating build\lib.win-amd64-cpython-310\detectron2\layers
  copying detectron2\layers\aspp.py -> build\lib.win-amd64-cpython-310\detectron2\layers
  copying detectron2\layers\batch_norm.py -> build\lib.win-amd64-cpython-310\detectron2\layers
  copying detectron2\layers\blocks.py -> build\lib.win-amd64-cpython-310\detectron2\layers
  copying detectron2\layers\deform_conv.py -> build\lib.win-amd64-cpython-310\detectron2\layers
  copying detectron2\layers\losses.py -> build\lib.win-amd64-cpython-310\detectron2\layers
  copying detectron2\layers\mask_ops.py -> build\lib.win-amd64-cpython-310\detectron2\layers
  copying detectron2\layers\nms.py -> build\lib.win-amd64-cpython-310\detectron2\layers
  copying detectron2\layers\roi_align.py -> build\lib.win-amd64-cpython-310\detectron2\layers
  copying detectron2\layers\roi_align_rotated.py -> build\lib.win-amd64-cpython-310\detectron2\layers
  copying detectron2\layers\rotated_boxes.py -> build\lib.win-amd64-cpython-310\detectron2\layers
  copying detectron2\layers\shape_spec.py -> build\lib.win-amd64-cpython-310\detectron2\layers
  copying detectron2\layers\wrappers.py -> build\lib.win-amd64-cpython-310\detectron2\layers
  copying detectron2\layers\__init__.py -> build\lib.win-amd64-cpython-310\detectron2\layers
  creating build\lib.win-amd64-cpython-310\detectron2\modeling
  copying detectron2\modeling\anchor_generator.py -> build\lib.win-amd64-cpython-310\detectron2\modeling
  copying detectron2\modeling\box_regression.py -> build\lib.win-amd64-cpython-310\detectron2\modeling
  copying detectron2\modeling\matcher.py -> build\lib.win-amd64-cpython-310\detectron2\modeling
  copying detectron2\modeling\mmdet_wrapper.py -> build\lib.win-amd64-cpython-310\detectron2\modeling
  copying detectron2\modeling\poolers.py -> build\lib.win-amd64-cpython-310\detectron2\modeling
  copying detectron2\modeling\postprocessing.py -> build\lib.win-amd64-cpython-310\detectron2\modeling
  copying detectron2\modeling\sampling.py -> build\lib.win-amd64-cpython-310\detectron2\modeling
  copying detectron2\modeling\test_time_augmentation.py -> build\lib.win-amd64-cpython-310\detectron2\modeling
  copying detectron2\modeling\__init__.py -> build\lib.win-amd64-cpython-310\detectron2\modeling
  creating build\lib.win-amd64-cpython-310\detectron2\model_zoo
  copying detectron2\model_zoo\model_zoo.py -> build\lib.win-amd64-cpython-310\detectron2\model_zoo
  copying detectron2\model_zoo\__init__.py -> build\lib.win-amd64-cpython-310\detectron2\model_zoo
  creating build\lib.win-amd64-cpython-310\detectron2\projects
  copying detectron2\projects\__init__.py -> build\lib.win-amd64-cpython-310\detectron2\projects
  creating build\lib.win-amd64-cpython-310\detectron2\solver
  copying detectron2\solver\build.py -> build\lib.win-amd64-cpython-310\detectron2\solver
  copying detectron2\solver\lr_scheduler.py -> build\lib.win-amd64-cpython-310\detectron2\solver
  copying detectron2\solver\__init__.py -> build\lib.win-amd64-cpython-310\detectron2\solver
  creating build\lib.win-amd64-cpython-310\detectron2\structures
  copying detectron2\structures\boxes.py -> build\lib.win-amd64-cpython-310\detectron2\structures
  copying detectron2\structures\image_list.py -> build\lib.win-amd64-cpython-310\detectron2\structures
  copying detectron2\structures\instances.py -> build\lib.win-amd64-cpython-310\detectron2\structures
  copying detectron2\structures\keypoints.py -> build\lib.win-amd64-cpython-310\detectron2\structures
  copying detectron2\structures\masks.py -> build\lib.win-amd64-cpython-310\detectron2\structures
  copying detectron2\structures\rotated_boxes.py -> build\lib.win-amd64-cpython-310\detectron2\structures
  copying detectron2\structures\__init__.py -> build\lib.win-amd64-cpython-310\detectron2\structures
  creating build\lib.win-amd64-cpython-310\detectron2\tracking
  copying detectron2\tracking\base_tracker.py -> build\lib.win-amd64-cpython-310\detectron2\tracking
  copying detectron2\tracking\bbox_iou_tracker.py -> build\lib.win-amd64-cpython-310\detectron2\tracking
  copying detectron2\tracking\hungarian_tracker.py -> build\lib.win-amd64-cpython-310\detectron2\tracking
  copying detectron2\tracking\iou_weighted_hungarian_bbox_iou_tracker.py -> build\lib.win-amd64-cpython-310\detectron2\tracking
  copying detectron2\tracking\utils.py -> build\lib.win-amd64-cpython-310\detectron2\tracking
  copying detectron2\tracking\vanilla_hungarian_bbox_iou_tracker.py -> build\lib.win-amd64-cpython-310\detectron2\tracking
  copying detectron2\tracking\__init__.py -> build\lib.win-amd64-cpython-310\detectron2\tracking
  creating build\lib.win-amd64-cpython-310\detectron2\utils
  copying detectron2\utils\analysis.py -> build\lib.win-amd64-cpython-310\detectron2\utils
  copying detectron2\utils\collect_env.py -> build\lib.win-amd64-cpython-310\detectron2\utils
  copying detectron2\utils\colormap.py -> build\lib.win-amd64-cpython-310\detectron2\utils
  copying detectron2\utils\comm.py -> build\lib.win-amd64-cpython-310\detectron2\utils
  copying detectron2\utils\develop.py -> build\lib.win-amd64-cpython-310\detectron2\utils
  copying detectron2\utils\env.py -> build\lib.win-amd64-cpython-310\detectron2\utils
  copying detectron2\utils\events.py -> build\lib.win-amd64-cpython-310\detectron2\utils
  copying detectron2\utils\file_io.py -> build\lib.win-amd64-cpython-310\detectron2\utils
  copying detectron2\utils\logger.py -> build\lib.win-amd64-cpython-310\detectron2\utils
  copying detectron2\utils\memory.py -> build\lib.win-amd64-cpython-310\detectron2\utils
  copying detectron2\utils\registry.py -> build\lib.win-amd64-cpython-310\detectron2\utils
  copying detectron2\utils\serialize.py -> build\lib.win-amd64-cpython-310\detectron2\utils
  copying detectron2\utils\testing.py -> build\lib.win-amd64-cpython-310\detectron2\utils
  copying detectron2\utils\torch_version_utils.py -> build\lib.win-amd64-cpython-310\detectron2\utils
  copying detectron2\utils\tracing.py -> build\lib.win-amd64-cpython-310\detectron2\utils
  copying detectron2\utils\video_visualizer.py -> build\lib.win-amd64-cpython-310\detectron2\utils
  copying detectron2\utils\visualizer.py -> build\lib.win-amd64-cpython-310\detectron2\utils
  copying detectron2\utils\__init__.py -> build\lib.win-amd64-cpython-310\detectron2\utils
  creating build\lib.win-amd64-cpython-310\detectron2\data\datasets
  copying detectron2\data\datasets\builtin.py -> build\lib.win-amd64-cpython-310\detectron2\data\datasets
  copying detectron2\data\datasets\builtin_meta.py -> build\lib.win-amd64-cpython-310\detectron2\data\datasets
  copying detectron2\data\datasets\cityscapes.py -> build\lib.win-amd64-cpython-310\detectron2\data\datasets
  copying detectron2\data\datasets\cityscapes_panoptic.py -> build\lib.win-amd64-cpython-310\detectron2\data\datasets
  copying detectron2\data\datasets\coco.py -> build\lib.win-amd64-cpython-310\detectron2\data\datasets
  copying detectron2\data\datasets\coco_panoptic.py -> build\lib.win-amd64-cpython-310\detectron2\data\datasets
  copying detectron2\data\datasets\lvis.py -> build\lib.win-amd64-cpython-310\detectron2\data\datasets
  copying detectron2\data\datasets\lvis_v0_5_categories.py -> build\lib.win-amd64-cpython-310\detectron2\data\datasets
  copying detectron2\data\datasets\lvis_v1_categories.py -> build\lib.win-amd64-cpython-310\detectron2\data\datasets
  copying detectron2\data\datasets\lvis_v1_category_image_count.py -> build\lib.win-amd64-cpython-310\detectron2\data\datasets
  copying detectron2\data\datasets\pascal_voc.py -> build\lib.win-amd64-cpython-310\detectron2\data\datasets
  copying detectron2\data\datasets\register_coco.py -> build\lib.win-amd64-cpython-310\detectron2\data\datasets
  copying detectron2\data\datasets\__init__.py -> build\lib.win-amd64-cpython-310\detectron2\data\datasets
  creating build\lib.win-amd64-cpython-310\detectron2\data\samplers
  copying detectron2\data\samplers\distributed_sampler.py -> build\lib.win-amd64-cpython-310\detectron2\data\samplers
  copying detectron2\data\samplers\grouped_batch_sampler.py -> build\lib.win-amd64-cpython-310\detectron2\data\samplers
  copying detectron2\data\samplers\__init__.py -> build\lib.win-amd64-cpython-310\detectron2\data\samplers
  creating build\lib.win-amd64-cpython-310\detectron2\data\transforms
  copying detectron2\data\transforms\augmentation.py -> build\lib.win-amd64-cpython-310\detectron2\data\transforms
  copying detectron2\data\transforms\augmentation_impl.py -> build\lib.win-amd64-cpython-310\detectron2\data\transforms
  copying detectron2\data\transforms\transform.py -> build\lib.win-amd64-cpython-310\detectron2\data\transforms
  copying detectron2\data\transforms\__init__.py -> build\lib.win-amd64-cpython-310\detectron2\data\transforms
  creating build\lib.win-amd64-cpython-310\detectron2\modeling\backbone
  copying detectron2\modeling\backbone\backbone.py -> build\lib.win-amd64-cpython-310\detectron2\modeling\backbone
  copying detectron2\modeling\backbone\build.py -> build\lib.win-amd64-cpython-310\detectron2\modeling\backbone
  copying detectron2\modeling\backbone\fpn.py -> build\lib.win-amd64-cpython-310\detectron2\modeling\backbone
  copying detectron2\modeling\backbone\mvit.py -> build\lib.win-amd64-cpython-310\detectron2\modeling\backbone
  copying detectron2\modeling\backbone\regnet.py -> build\lib.win-amd64-cpython-310\detectron2\modeling\backbone
  copying detectron2\modeling\backbone\resnet.py -> build\lib.win-amd64-cpython-310\detectron2\modeling\backbone
  copying detectron2\modeling\backbone\swin.py -> build\lib.win-amd64-cpython-310\detectron2\modeling\backbone
  copying detectron2\modeling\backbone\utils.py -> build\lib.win-amd64-cpython-310\detectron2\modeling\backbone
  copying detectron2\modeling\backbone\vit.py -> build\lib.win-amd64-cpython-310\detectron2\modeling\backbone
  copying detectron2\modeling\backbone\__init__.py -> build\lib.win-amd64-cpython-310\detectron2\modeling\backbone
  creating build\lib.win-amd64-cpython-310\detectron2\modeling\meta_arch
  copying detectron2\modeling\meta_arch\build.py -> build\lib.win-amd64-cpython-310\detectron2\modeling\meta_arch
  copying detectron2\modeling\meta_arch\dense_detector.py -> build\lib.win-amd64-cpython-310\detectron2\modeling\meta_arch
  copying detectron2\modeling\meta_arch\fcos.py -> build\lib.win-amd64-cpython-310\detectron2\modeling\meta_arch
  copying detectron2\modeling\meta_arch\panoptic_fpn.py -> build\lib.win-amd64-cpython-310\detectron2\modeling\meta_arch
  copying detectron2\modeling\meta_arch\rcnn.py -> build\lib.win-amd64-cpython-310\detectron2\modeling\meta_arch
  copying detectron2\modeling\meta_arch\retinanet.py -> build\lib.win-amd64-cpython-310\detectron2\modeling\meta_arch
  copying detectron2\modeling\meta_arch\semantic_seg.py -> build\lib.win-amd64-cpython-310\detectron2\modeling\meta_arch
  copying detectron2\modeling\meta_arch\__init__.py -> build\lib.win-amd64-cpython-310\detectron2\modeling\meta_arch
  creating build\lib.win-amd64-cpython-310\detectron2\modeling\proposal_generator
  copying detectron2\modeling\proposal_generator\build.py -> build\lib.win-amd64-cpython-310\detectron2\modeling\proposal_generator
  copying detectron2\modeling\proposal_generator\proposal_utils.py -> build\lib.win-amd64-cpython-310\detectron2\modeling\proposal_generator
  copying detectron2\modeling\proposal_generator\rpn.py -> build\lib.win-amd64-cpython-310\detectron2\modeling\proposal_generator
  copying detectron2\modeling\proposal_generator\rrpn.py -> build\lib.win-amd64-cpython-310\detectron2\modeling\proposal_generator
  copying detectron2\modeling\proposal_generator\__init__.py -> build\lib.win-amd64-cpython-310\detectron2\modeling\proposal_generator
  creating build\lib.win-amd64-cpython-310\detectron2\modeling\roi_heads
  copying detectron2\modeling\roi_heads\box_head.py -> build\lib.win-amd64-cpython-310\detectron2\modeling\roi_heads
  copying detectron2\modeling\roi_heads\cascade_rcnn.py -> build\lib.win-amd64-cpython-310\detectron2\modeling\roi_heads
  copying detectron2\modeling\roi_heads\fast_rcnn.py -> build\lib.win-amd64-cpython-310\detectron2\modeling\roi_heads
  copying detectron2\modeling\roi_heads\keypoint_head.py -> build\lib.win-amd64-cpython-310\detectron2\modeling\roi_heads
  copying detectron2\modeling\roi_heads\mask_head.py -> build\lib.win-amd64-cpython-310\detectron2\modeling\roi_heads
  copying detectron2\modeling\roi_heads\roi_heads.py -> build\lib.win-amd64-cpython-310\detectron2\modeling\roi_heads
  copying detectron2\modeling\roi_heads\rotated_fast_rcnn.py -> build\lib.win-amd64-cpython-310\detectron2\modeling\roi_heads
  copying detectron2\modeling\roi_heads\__init__.py -> build\lib.win-amd64-cpython-310\detectron2\modeling\roi_heads
  creating build\lib.win-amd64-cpython-310\detectron2\projects\point_rend
  copying projects\PointRend\point_rend\color_augmentation.py -> build\lib.win-amd64-cpython-310\detectron2\projects\point_rend
  copying projects\PointRend\point_rend\config.py -> build\lib.win-amd64-cpython-310\detectron2\projects\point_rend
  copying projects\PointRend\point_rend\mask_head.py -> build\lib.win-amd64-cpython-310\detectron2\projects\point_rend
  copying projects\PointRend\point_rend\point_features.py -> build\lib.win-amd64-cpython-310\detectron2\projects\point_rend
  copying projects\PointRend\point_rend\point_head.py -> build\lib.win-amd64-cpython-310\detectron2\projects\point_rend
  copying projects\PointRend\point_rend\roi_heads.py -> build\lib.win-amd64-cpython-310\detectron2\projects\point_rend
  copying projects\PointRend\point_rend\semantic_seg.py -> build\lib.win-amd64-cpython-310\detectron2\projects\point_rend
  copying projects\PointRend\point_rend\__init__.py -> build\lib.win-amd64-cpython-310\detectron2\projects\point_rend
  creating build\lib.win-amd64-cpython-310\detectron2\projects\deeplab
  copying projects\DeepLab\deeplab\build_solver.py -> build\lib.win-amd64-cpython-310\detectron2\projects\deeplab
  copying projects\DeepLab\deeplab\config.py -> build\lib.win-amd64-cpython-310\detectron2\projects\deeplab
  copying projects\DeepLab\deeplab\loss.py -> build\lib.win-amd64-cpython-310\detectron2\projects\deeplab
  copying projects\DeepLab\deeplab\lr_scheduler.py -> build\lib.win-amd64-cpython-310\detectron2\projects\deeplab
  copying projects\DeepLab\deeplab\resnet.py -> build\lib.win-amd64-cpython-310\detectron2\projects\deeplab
  copying projects\DeepLab\deeplab\semantic_seg.py -> build\lib.win-amd64-cpython-310\detectron2\projects\deeplab
  copying projects\DeepLab\deeplab\__init__.py -> build\lib.win-amd64-cpython-310\detectron2\projects\deeplab
  creating build\lib.win-amd64-cpython-310\detectron2\projects\panoptic_deeplab
  copying projects\Panoptic-DeepLab\panoptic_deeplab\config.py -> build\lib.win-amd64-cpython-310\detectron2\projects\panoptic_deeplab
  copying projects\Panoptic-DeepLab\panoptic_deeplab\dataset_mapper.py -> build\lib.win-amd64-cpython-310\detectron2\projects\panoptic_deeplab
  copying projects\Panoptic-DeepLab\panoptic_deeplab\panoptic_seg.py -> build\lib.win-amd64-cpython-310\detectron2\projects\panoptic_deeplab
  copying projects\Panoptic-DeepLab\panoptic_deeplab\post_processing.py -> build\lib.win-amd64-cpython-310\detectron2\projects\panoptic_deeplab
  copying projects\Panoptic-DeepLab\panoptic_deeplab\target_generator.py -> build\lib.win-amd64-cpython-310\detectron2\projects\panoptic_deeplab
  copying projects\Panoptic-DeepLab\panoptic_deeplab\__init__.py -> build\lib.win-amd64-cpython-310\detectron2\projects\panoptic_deeplab
  creating build\lib.win-amd64-cpython-310\detectron2\model_zoo\configs
  copying detectron2\model_zoo\configs\Base-RCNN-C4.yaml -> build\lib.win-amd64-cpython-310\detectron2\model_zoo\configs
  copying detectron2\model_zoo\configs\Base-RCNN-DilatedC5.yaml -> build\lib.win-amd64-cpython-310\detectron2\model_zoo\configs
  copying detectron2\model_zoo\configs\Base-RCNN-FPN.yaml -> build\lib.win-amd64-cpython-310\detectron2\model_zoo\configs
  copying detectron2\model_zoo\configs\Base-RetinaNet.yaml -> build\lib.win-amd64-cpython-310\detectron2\model_zoo\configs
  creating build\lib.win-amd64-cpython-310\detectron2\model_zoo\configs\Cityscapes
  copying detectron2\model_zoo\configs\Cityscapes\mask_rcnn_R_50_FPN.yaml -> build\lib.win-amd64-cpython-310\detectron2\model_zoo\configs\Cityscapes
  creating build\lib.win-amd64-cpython-310\detectron2\model_zoo\configs\COCO-Detection
  copying detectron2\model_zoo\configs\COCO-Detection\faster_rcnn_R_101_C4_3x.yaml -> build\lib.win-amd64-cpython-310\detectron2\model_zoo\configs\COCO-Detection
  copying detectron2\model_zoo\configs\COCO-Detection\faster_rcnn_R_101_DC5_3x.yaml -> build\lib.win-amd64-cpython-310\detectron2\model_zoo\configs\COCO-Detection
  copying detectron2\model_zoo\configs\COCO-Detection\faster_rcnn_R_101_FPN_3x.yaml -> build\lib.win-amd64-cpython-310\detectron2\model_zoo\configs\COCO-Detection
  copying detectron2\model_zoo\configs\COCO-Detection\faster_rcnn_R_50_C4_1x.yaml -> build\lib.win-amd64-cpython-310\detectron2\model_zoo\configs\COCO-Detection
  copying detectron2\model_zoo\configs\COCO-Detection\faster_rcnn_R_50_C4_3x.yaml -> build\lib.win-amd64-cpython-310\detectron2\model_zoo\configs\COCO-Detection
  copying detectron2\model_zoo\configs\COCO-Detection\faster_rcnn_R_50_DC5_1x.yaml -> build\lib.win-amd64-cpython-310\detectron2\model_zoo\configs\COCO-Detection
  copying detectron2\model_zoo\configs\COCO-Detection\faster_rcnn_R_50_DC5_3x.yaml -> build\lib.win-amd64-cpython-310\detectron2\model_zoo\configs\COCO-Detection
  copying detectron2\model_zoo\configs\COCO-Detection\faster_rcnn_R_50_FPN_1x.yaml -> build\lib.win-amd64-cpython-310\detectron2\model_zoo\configs\COCO-Detection
  copying detectron2\model_zoo\configs\COCO-Detection\faster_rcnn_R_50_FPN_3x.yaml -> build\lib.win-amd64-cpython-310\detectron2\model_zoo\configs\COCO-Detection
  copying detectron2\model_zoo\configs\COCO-Detection\faster_rcnn_X_101_32x8d_FPN_3x.yaml -> build\lib.win-amd64-cpython-310\detectron2\model_zoo\configs\COCO-Detection
  copying detectron2\model_zoo\configs\COCO-Detection\fast_rcnn_R_50_FPN_1x.yaml -> build\lib.win-amd64-cpython-310\detectron2\model_zoo\configs\COCO-Detection
  copying detectron2\model_zoo\configs\COCO-Detection\retinanet_R_101_FPN_3x.yaml -> build\lib.win-amd64-cpython-310\detectron2\model_zoo\configs\COCO-Detection
  copying detectron2\model_zoo\configs\COCO-Detection\retinanet_R_50_FPN_1x.yaml -> build\lib.win-amd64-cpython-310\detectron2\model_zoo\configs\COCO-Detection
  copying detectron2\model_zoo\configs\COCO-Detection\retinanet_R_50_FPN_3x.yaml -> build\lib.win-amd64-cpython-310\detectron2\model_zoo\configs\COCO-Detection
  copying detectron2\model_zoo\configs\COCO-Detection\rpn_R_50_C4_1x.yaml -> build\lib.win-amd64-cpython-310\detectron2\model_zoo\configs\COCO-Detection
  copying detectron2\model_zoo\configs\COCO-Detection\rpn_R_50_FPN_1x.yaml -> build\lib.win-amd64-cpython-310\detectron2\model_zoo\configs\COCO-Detection
  creating build\lib.win-amd64-cpython-310\detectron2\model_zoo\configs\COCO-InstanceSegmentation
  copying detectron2\model_zoo\configs\COCO-InstanceSegmentation\mask_rcnn_R_101_C4_3x.yaml -> build\lib.win-amd64-cpython-310\detectron2\model_zoo\configs\COCO-InstanceSegmentation
  copying detectron2\model_zoo\configs\COCO-InstanceSegmentation\mask_rcnn_R_101_DC5_3x.yaml -> build\lib.win-amd64-cpython-310\detectron2\model_zoo\configs\COCO-InstanceSegmentation
  copying detectron2\model_zoo\configs\COCO-InstanceSegmentation\mask_rcnn_R_101_FPN_3x.yaml -> build\lib.win-amd64-cpython-310\detectron2\model_zoo\configs\COCO-InstanceSegmentation
  copying detectron2\model_zoo\configs\COCO-InstanceSegmentation\mask_rcnn_R_50_C4_1x.yaml -> build\lib.win-amd64-cpython-310\detectron2\model_zoo\configs\COCO-InstanceSegmentation
  copying detectron2\model_zoo\configs\COCO-InstanceSegmentation\mask_rcnn_R_50_C4_3x.yaml -> build\lib.win-amd64-cpython-310\detectron2\model_zoo\configs\COCO-InstanceSegmentation
  copying detectron2\model_zoo\configs\COCO-InstanceSegmentation\mask_rcnn_R_50_DC5_1x.yaml -> build\lib.win-amd64-cpython-310\detectron2\model_zoo\configs\COCO-InstanceSegmentation
  copying detectron2\model_zoo\configs\COCO-InstanceSegmentation\mask_rcnn_R_50_DC5_3x.yaml -> build\lib.win-amd64-cpython-310\detectron2\model_zoo\configs\COCO-InstanceSegmentation
  copying detectron2\model_zoo\configs\COCO-InstanceSegmentation\mask_rcnn_R_50_FPN_1x.yaml -> build\lib.win-amd64-cpython-310\detectron2\model_zoo\configs\COCO-InstanceSegmentation
  copying detectron2\model_zoo\configs\COCO-InstanceSegmentation\mask_rcnn_R_50_FPN_1x_giou.yaml -> build\lib.win-amd64-cpython-310\detectron2\model_zoo\configs\COCO-InstanceSegmentation
  copying detectron2\model_zoo\configs\COCO-InstanceSegmentation\mask_rcnn_R_50_FPN_3x.yaml -> build\lib.win-amd64-cpython-310\detectron2\model_zoo\configs\COCO-InstanceSegmentation
  copying detectron2\model_zoo\configs\COCO-InstanceSegmentation\mask_rcnn_X_101_32x8d_FPN_3x.yaml -> build\lib.win-amd64-cpython-310\detectron2\model_zoo\configs\COCO-InstanceSegmentation
  creating build\lib.win-amd64-cpython-310\detectron2\model_zoo\configs\COCO-Keypoints
  copying detectron2\model_zoo\configs\COCO-Keypoints\Base-Keypoint-RCNN-FPN.yaml -> build\lib.win-amd64-cpython-310\detectron2\model_zoo\configs\COCO-Keypoints
  copying detectron2\model_zoo\configs\COCO-Keypoints\keypoint_rcnn_R_101_FPN_3x.yaml -> build\lib.win-amd64-cpython-310\detectron2\model_zoo\configs\COCO-Keypoints
  copying detectron2\model_zoo\configs\COCO-Keypoints\keypoint_rcnn_R_50_FPN_1x.yaml -> build\lib.win-amd64-cpython-310\detectron2\model_zoo\configs\COCO-Keypoints
  copying detectron2\model_zoo\configs\COCO-Keypoints\keypoint_rcnn_R_50_FPN_3x.yaml -> build\lib.win-amd64-cpython-310\detectron2\model_zoo\configs\COCO-Keypoints
  copying detectron2\model_zoo\configs\COCO-Keypoints\keypoint_rcnn_X_101_32x8d_FPN_3x.yaml -> build\lib.win-amd64-cpython-310\detectron2\model_zoo\configs\COCO-Keypoints
  creating build\lib.win-amd64-cpython-310\detectron2\model_zoo\configs\COCO-PanopticSegmentation
  copying detectron2\model_zoo\configs\COCO-PanopticSegmentation\Base-Panoptic-FPN.yaml -> build\lib.win-amd64-cpython-310\detectron2\model_zoo\configs\COCO-PanopticSegmentation
  copying detectron2\model_zoo\configs\COCO-PanopticSegmentation\panoptic_fpn_R_101_3x.yaml -> build\lib.win-amd64-cpython-310\detectron2\model_zoo\configs\COCO-PanopticSegmentation
  copying detectron2\model_zoo\configs\COCO-PanopticSegmentation\panoptic_fpn_R_50_1x.yaml -> build\lib.win-amd64-cpython-310\detectron2\model_zoo\configs\COCO-PanopticSegmentation
  copying detectron2\model_zoo\configs\COCO-PanopticSegmentation\panoptic_fpn_R_50_3x.yaml -> build\lib.win-amd64-cpython-310\detectron2\model_zoo\configs\COCO-PanopticSegmentation
  creating build\lib.win-amd64-cpython-310\detectron2\model_zoo\configs\Detectron1-Comparisons
  copying detectron2\model_zoo\configs\Detectron1-Comparisons\faster_rcnn_R_50_FPN_noaug_1x.yaml -> build\lib.win-amd64-cpython-310\detectron2\model_zoo\configs\Detectron1-Comparisons
  copying detectron2\model_zoo\configs\Detectron1-Comparisons\keypoint_rcnn_R_50_FPN_1x.yaml -> build\lib.win-amd64-cpython-310\detectron2\model_zoo\configs\Detectron1-Comparisons
  copying detectron2\model_zoo\configs\Detectron1-Comparisons\mask_rcnn_R_50_FPN_noaug_1x.yaml -> build\lib.win-amd64-cpython-310\detectron2\model_zoo\configs\Detectron1-Comparisons
  creating build\lib.win-amd64-cpython-310\detectron2\model_zoo\configs\LVISv0.5-InstanceSegmentation
  copying detectron2\model_zoo\configs\LVISv0.5-InstanceSegmentation\mask_rcnn_R_101_FPN_1x.yaml -> build\lib.win-amd64-cpython-310\detectron2\model_zoo\configs\LVISv0.5-InstanceSegmentation
  copying detectron2\model_zoo\configs\LVISv0.5-InstanceSegmentation\mask_rcnn_R_50_FPN_1x.yaml -> build\lib.win-amd64-cpython-310\detectron2\model_zoo\configs\LVISv0.5-InstanceSegmentation
  copying detectron2\model_zoo\configs\LVISv0.5-InstanceSegmentation\mask_rcnn_X_101_32x8d_FPN_1x.yaml -> build\lib.win-amd64-cpython-310\detectron2\model_zoo\configs\LVISv0.5-InstanceSegmentation
  creating build\lib.win-amd64-cpython-310\detectron2\model_zoo\configs\LVISv1-InstanceSegmentation
  copying detectron2\model_zoo\configs\LVISv1-InstanceSegmentation\mask_rcnn_R_101_FPN_1x.yaml -> build\lib.win-amd64-cpython-310\detectron2\model_zoo\configs\LVISv1-InstanceSegmentation
  copying detectron2\model_zoo\configs\LVISv1-InstanceSegmentation\mask_rcnn_R_50_FPN_1x.yaml -> build\lib.win-amd64-cpython-310\detectron2\model_zoo\configs\LVISv1-InstanceSegmentation
  copying detectron2\model_zoo\configs\LVISv1-InstanceSegmentation\mask_rcnn_X_101_32x8d_FPN_1x.yaml -> build\lib.win-amd64-cpython-310\detectron2\model_zoo\configs\LVISv1-InstanceSegmentation
  creating build\lib.win-amd64-cpython-310\detectron2\model_zoo\configs\Misc
  copying detectron2\model_zoo\configs\Misc\cascade_mask_rcnn_R_50_FPN_1x.yaml -> build\lib.win-amd64-cpython-310\detectron2\model_zoo\configs\Misc
  copying detectron2\model_zoo\configs\Misc\cascade_mask_rcnn_R_50_FPN_3x.yaml -> build\lib.win-amd64-cpython-310\detectron2\model_zoo\configs\Misc
  copying detectron2\model_zoo\configs\Misc\cascade_mask_rcnn_X_152_32x8d_FPN_IN5k_gn_dconv.yaml -> build\lib.win-amd64-cpython-310\detectron2\model_zoo\configs\Misc
  copying detectron2\model_zoo\configs\Misc\mask_rcnn_R_50_FPN_1x_cls_agnostic.yaml -> build\lib.win-amd64-cpython-310\detectron2\model_zoo\configs\Misc
  copying detectron2\model_zoo\configs\Misc\mask_rcnn_R_50_FPN_1x_dconv_c3-c5.yaml -> build\lib.win-amd64-cpython-310\detectron2\model_zoo\configs\Misc
  copying detectron2\model_zoo\configs\Misc\mask_rcnn_R_50_FPN_3x_dconv_c3-c5.yaml -> build\lib.win-amd64-cpython-310\detectron2\model_zoo\configs\Misc
  copying detectron2\model_zoo\configs\Misc\mask_rcnn_R_50_FPN_3x_gn.yaml -> build\lib.win-amd64-cpython-310\detectron2\model_zoo\configs\Misc
  copying detectron2\model_zoo\configs\Misc\mask_rcnn_R_50_FPN_3x_syncbn.yaml -> build\lib.win-amd64-cpython-310\detectron2\model_zoo\configs\Misc
  copying detectron2\model_zoo\configs\Misc\panoptic_fpn_R_101_dconv_cascade_gn_3x.yaml -> build\lib.win-amd64-cpython-310\detectron2\model_zoo\configs\Misc
  copying detectron2\model_zoo\configs\Misc\scratch_mask_rcnn_R_50_FPN_3x_gn.yaml -> build\lib.win-amd64-cpython-310\detectron2\model_zoo\configs\Misc
  copying detectron2\model_zoo\configs\Misc\scratch_mask_rcnn_R_50_FPN_9x_gn.yaml -> build\lib.win-amd64-cpython-310\detectron2\model_zoo\configs\Misc
  copying detectron2\model_zoo\configs\Misc\scratch_mask_rcnn_R_50_FPN_9x_syncbn.yaml -> build\lib.win-amd64-cpython-310\detectron2\model_zoo\configs\Misc
  copying detectron2\model_zoo\configs\Misc\semantic_R_50_FPN_1x.yaml -> build\lib.win-amd64-cpython-310\detectron2\model_zoo\configs\Misc
  creating build\lib.win-amd64-cpython-310\detectron2\model_zoo\configs\PascalVOC-Detection
  copying detectron2\model_zoo\configs\PascalVOC-Detection\faster_rcnn_R_50_C4.yaml -> build\lib.win-amd64-cpython-310\detectron2\model_zoo\configs\PascalVOC-Detection
  copying detectron2\model_zoo\configs\PascalVOC-Detection\faster_rcnn_R_50_FPN.yaml -> build\lib.win-amd64-cpython-310\detectron2\model_zoo\configs\PascalVOC-Detection
  creating build\lib.win-amd64-cpython-310\detectron2\model_zoo\configs\quick_schedules
  copying detectron2\model_zoo\configs\quick_schedules\cascade_mask_rcnn_R_50_FPN_inference_acc_test.yaml -> build\lib.win-amd64-cpython-310\detectron2\model_zoo\configs\quick_schedules
  copying detectron2\model_zoo\configs\quick_schedules\cascade_mask_rcnn_R_50_FPN_instant_test.yaml -> build\lib.win-amd64-cpython-310\detectron2\model_zoo\configs\quick_schedules
  copying detectron2\model_zoo\configs\quick_schedules\fast_rcnn_R_50_FPN_inference_acc_test.yaml -> build\lib.win-amd64-cpython-310\detectron2\model_zoo\configs\quick_schedules
  copying detectron2\model_zoo\configs\quick_schedules\fast_rcnn_R_50_FPN_instant_test.yaml -> build\lib.win-amd64-cpython-310\detectron2\model_zoo\configs\quick_schedules
  copying detectron2\model_zoo\configs\quick_schedules\keypoint_rcnn_R_50_FPN_inference_acc_test.yaml -> build\lib.win-amd64-cpython-310\detectron2\model_zoo\configs\quick_schedules
  copying detectron2\model_zoo\configs\quick_schedules\keypoint_rcnn_R_50_FPN_instant_test.yaml -> build\lib.win-amd64-cpython-310\detectron2\model_zoo\configs\quick_schedules
  copying detectron2\model_zoo\configs\quick_schedules\keypoint_rcnn_R_50_FPN_normalized_training_acc_test.yaml -> build\lib.win-amd64-cpython-310\detectron2\model_zoo\configs\quick_schedules
  copying detectron2\model_zoo\configs\quick_schedules\keypoint_rcnn_R_50_FPN_training_acc_test.yaml -> build\lib.win-amd64-cpython-310\detectron2\model_zoo\configs\quick_schedules
  copying detectron2\model_zoo\configs\quick_schedules\mask_rcnn_R_50_C4_GCV_instant_test.yaml -> build\lib.win-amd64-cpython-310\detectron2\model_zoo\configs\quick_schedules
  copying detectron2\model_zoo\configs\quick_schedules\mask_rcnn_R_50_C4_inference_acc_test.yaml -> build\lib.win-amd64-cpython-310\detectron2\model_zoo\configs\quick_schedules
  copying detectron2\model_zoo\configs\quick_schedules\mask_rcnn_R_50_C4_instant_test.yaml -> build\lib.win-amd64-cpython-310\detectron2\model_zoo\configs\quick_schedules
  copying detectron2\model_zoo\configs\quick_schedules\mask_rcnn_R_50_C4_training_acc_test.yaml -> build\lib.win-amd64-cpython-310\detectron2\model_zoo\configs\quick_schedules
  copying detectron2\model_zoo\configs\quick_schedules\mask_rcnn_R_50_DC5_inference_acc_test.yaml -> build\lib.win-amd64-cpython-310\detectron2\model_zoo\configs\quick_schedules
  copying detectron2\model_zoo\configs\quick_schedules\mask_rcnn_R_50_FPN_inference_acc_test.yaml -> build\lib.win-amd64-cpython-310\detectron2\model_zoo\configs\quick_schedules
  copying detectron2\model_zoo\configs\quick_schedules\mask_rcnn_R_50_FPN_instant_test.yaml -> build\lib.win-amd64-cpython-310\detectron2\model_zoo\configs\quick_schedules
  copying detectron2\model_zoo\configs\quick_schedules\mask_rcnn_R_50_FPN_pred_boxes_training_acc_test.yaml -> build\lib.win-amd64-cpython-310\detectron2\model_zoo\configs\quick_schedules
  copying detectron2\model_zoo\configs\quick_schedules\mask_rcnn_R_50_FPN_training_acc_test.yaml -> build\lib.win-amd64-cpython-310\detectron2\model_zoo\configs\quick_schedules
  copying detectron2\model_zoo\configs\quick_schedules\panoptic_fpn_R_50_inference_acc_test.yaml -> build\lib.win-amd64-cpython-310\detectron2\model_zoo\configs\quick_schedules
  copying detectron2\model_zoo\configs\quick_schedules\panoptic_fpn_R_50_instant_test.yaml -> build\lib.win-amd64-cpython-310\detectron2\model_zoo\configs\quick_schedules
  copying detectron2\model_zoo\configs\quick_schedules\panoptic_fpn_R_50_training_acc_test.yaml -> build\lib.win-amd64-cpython-310\detectron2\model_zoo\configs\quick_schedules
  copying detectron2\model_zoo\configs\quick_schedules\retinanet_R_50_FPN_inference_acc_test.yaml -> build\lib.win-amd64-cpython-310\detectron2\model_zoo\configs\quick_schedules
  copying detectron2\model_zoo\configs\quick_schedules\retinanet_R_50_FPN_instant_test.yaml -> build\lib.win-amd64-cpython-310\detectron2\model_zoo\configs\quick_schedules
  copying detectron2\model_zoo\configs\quick_schedules\rpn_R_50_FPN_inference_acc_test.yaml -> build\lib.win-amd64-cpython-310\detectron2\model_zoo\configs\quick_schedules
  copying detectron2\model_zoo\configs\quick_schedules\rpn_R_50_FPN_instant_test.yaml -> build\lib.win-amd64-cpython-310\detectron2\model_zoo\configs\quick_schedules
  copying detectron2\model_zoo\configs\quick_schedules\semantic_R_50_FPN_inference_acc_test.yaml -> build\lib.win-amd64-cpython-310\detectron2\model_zoo\configs\quick_schedules
  copying detectron2\model_zoo\configs\quick_schedules\semantic_R_50_FPN_instant_test.yaml -> build\lib.win-amd64-cpython-310\detectron2\model_zoo\configs\quick_schedules
  copying detectron2\model_zoo\configs\quick_schedules\semantic_R_50_FPN_training_acc_test.yaml -> build\lib.win-amd64-cpython-310\detectron2\model_zoo\configs\quick_schedules
  copying detectron2\model_zoo\configs\COCO-Detection\fcos_R_50_FPN_1x.py -> build\lib.win-amd64-cpython-310\detectron2\model_zoo\configs\COCO-Detection
  copying detectron2\model_zoo\configs\COCO-Detection\retinanet_R_50_FPN_1x.py -> build\lib.win-amd64-cpython-310\detectron2\model_zoo\configs\COCO-Detection
  copying detectron2\model_zoo\configs\COCO-InstanceSegmentation\mask_rcnn_regnetx_4gf_dds_fpn_1x.py -> build\lib.win-amd64-cpython-310\detectron2\model_zoo\configs\COCO-InstanceSegmentation
  copying detectron2\model_zoo\configs\COCO-InstanceSegmentation\mask_rcnn_regnety_4gf_dds_fpn_1x.py -> build\lib.win-amd64-cpython-310\detectron2\model_zoo\configs\COCO-InstanceSegmentation
  copying detectron2\model_zoo\configs\COCO-InstanceSegmentation\mask_rcnn_R_50_C4_1x.py -> build\lib.win-amd64-cpython-310\detectron2\model_zoo\configs\COCO-InstanceSegmentation
  copying detectron2\model_zoo\configs\COCO-InstanceSegmentation\mask_rcnn_R_50_FPN_1x.py -> build\lib.win-amd64-cpython-310\detectron2\model_zoo\configs\COCO-InstanceSegmentation
  copying detectron2\model_zoo\configs\COCO-Keypoints\keypoint_rcnn_R_50_FPN_1x.py -> build\lib.win-amd64-cpython-310\detectron2\model_zoo\configs\COCO-Keypoints
  copying detectron2\model_zoo\configs\COCO-PanopticSegmentation\panoptic_fpn_R_50_1x.py -> build\lib.win-amd64-cpython-310\detectron2\model_zoo\configs\COCO-PanopticSegmentation
  creating build\lib.win-amd64-cpython-310\detectron2\model_zoo\configs\common
  copying detectron2\model_zoo\configs\common\coco_schedule.py -> build\lib.win-amd64-cpython-310\detectron2\model_zoo\configs\common
  copying detectron2\model_zoo\configs\common\optim.py -> build\lib.win-amd64-cpython-310\detectron2\model_zoo\configs\common
  copying detectron2\model_zoo\configs\common\train.py -> build\lib.win-amd64-cpython-310\detectron2\model_zoo\configs\common
  creating build\lib.win-amd64-cpython-310\detectron2\model_zoo\configs\common\data
  copying detectron2\model_zoo\configs\common\data\coco.py -> build\lib.win-amd64-cpython-310\detectron2\model_zoo\configs\common\data
  copying detectron2\model_zoo\configs\common\data\coco_keypoint.py -> build\lib.win-amd64-cpython-310\detectron2\model_zoo\configs\common\data
  copying detectron2\model_zoo\configs\common\data\coco_panoptic_separated.py -> build\lib.win-amd64-cpython-310\detectron2\model_zoo\configs\common\data
  copying detectron2\model_zoo\configs\common\data\constants.py -> build\lib.win-amd64-cpython-310\detectron2\model_zoo\configs\common\data
  creating build\lib.win-amd64-cpython-310\detectron2\model_zoo\configs\common\models
  copying detectron2\model_zoo\configs\common\models\cascade_rcnn.py -> build\lib.win-amd64-cpython-310\detectron2\model_zoo\configs\common\models
  copying detectron2\model_zoo\configs\common\models\fcos.py -> build\lib.win-amd64-cpython-310\detectron2\model_zoo\configs\common\models
  copying detectron2\model_zoo\configs\common\models\keypoint_rcnn_fpn.py -> build\lib.win-amd64-cpython-310\detectron2\model_zoo\configs\common\models
  copying detectron2\model_zoo\configs\common\models\mask_rcnn_c4.py -> build\lib.win-amd64-cpython-310\detectron2\model_zoo\configs\common\models
  copying detectron2\model_zoo\configs\common\models\mask_rcnn_fpn.py -> build\lib.win-amd64-cpython-310\detectron2\model_zoo\configs\common\models
  copying detectron2\model_zoo\configs\common\models\mask_rcnn_vitdet.py -> build\lib.win-amd64-cpython-310\detectron2\model_zoo\configs\common\models
  copying detectron2\model_zoo\configs\common\models\panoptic_fpn.py -> build\lib.win-amd64-cpython-310\detectron2\model_zoo\configs\common\models
  copying detectron2\model_zoo\configs\common\models\retinanet.py -> build\lib.win-amd64-cpython-310\detectron2\model_zoo\configs\common\models
  copying detectron2\model_zoo\configs\Misc\mmdet_mask_rcnn_R_50_FPN_1x.py -> build\lib.win-amd64-cpython-310\detectron2\model_zoo\configs\Misc
  copying detectron2\model_zoo\configs\Misc\torchvision_imagenet_R_50.py -> build\lib.win-amd64-cpython-310\detectron2\model_zoo\configs\Misc
  creating build\lib.win-amd64-cpython-310\detectron2\model_zoo\configs\new_baselines
  copying detectron2\model_zoo\configs\new_baselines\mask_rcnn_regnetx_4gf_dds_FPN_100ep_LSJ.py -> build\lib.win-amd64-cpython-310\detectron2\model_zoo\configs\new_baselines
  copying detectron2\model_zoo\configs\new_baselines\mask_rcnn_regnetx_4gf_dds_FPN_200ep_LSJ.py -> build\lib.win-amd64-cpython-310\detectron2\model_zoo\configs\new_baselines
  copying detectron2\model_zoo\configs\new_baselines\mask_rcnn_regnetx_4gf_dds_FPN_400ep_LSJ.py -> build\lib.win-amd64-cpython-310\detectron2\model_zoo\configs\new_baselines
  copying detectron2\model_zoo\configs\new_baselines\mask_rcnn_regnety_4gf_dds_FPN_100ep_LSJ.py -> build\lib.win-amd64-cpython-310\detectron2\model_zoo\configs\new_baselines
  copying detectron2\model_zoo\configs\new_baselines\mask_rcnn_regnety_4gf_dds_FPN_200ep_LSJ.py -> build\lib.win-amd64-cpython-310\detectron2\model_zoo\configs\new_baselines
  copying detectron2\model_zoo\configs\new_baselines\mask_rcnn_regnety_4gf_dds_FPN_400ep_LSJ.py -> build\lib.win-amd64-cpython-310\detectron2\model_zoo\configs\new_baselines
  copying detectron2\model_zoo\configs\new_baselines\mask_rcnn_R_101_FPN_100ep_LSJ.py -> build\lib.win-amd64-cpython-310\detectron2\model_zoo\configs\new_baselines
  copying detectron2\model_zoo\configs\new_baselines\mask_rcnn_R_101_FPN_200ep_LSJ.py -> build\lib.win-amd64-cpython-310\detectron2\model_zoo\configs\new_baselines
  copying detectron2\model_zoo\configs\new_baselines\mask_rcnn_R_101_FPN_400ep_LSJ.py -> build\lib.win-amd64-cpython-310\detectron2\model_zoo\configs\new_baselines
  copying detectron2\model_zoo\configs\new_baselines\mask_rcnn_R_50_FPN_100ep_LSJ.py -> build\lib.win-amd64-cpython-310\detectron2\model_zoo\configs\new_baselines
  copying detectron2\model_zoo\configs\new_baselines\mask_rcnn_R_50_FPN_200ep_LSJ.py -> build\lib.win-amd64-cpython-310\detectron2\model_zoo\configs\new_baselines
  copying detectron2\model_zoo\configs\new_baselines\mask_rcnn_R_50_FPN_400ep_LSJ.py -> build\lib.win-amd64-cpython-310\detectron2\model_zoo\configs\new_baselines
  copying detectron2\model_zoo\configs\new_baselines\mask_rcnn_R_50_FPN_50ep_LSJ.py -> build\lib.win-amd64-cpython-310\detectron2\model_zoo\configs\new_baselines
  running build_ext
  Traceback (most recent call last):
    File "C:\Users\USER\anaconda3\envs\4D-humans\lib\site-packages\pip\_vendor\pyproject_hooks\_in_process\_in_process.py", line 389, in <module>
      main()
    File "C:\Users\USER\anaconda3\envs\4D-humans\lib\site-packages\pip\_vendor\pyproject_hooks\_in_process\_in_process.py", line 373, in main
      json_out["return_val"] = hook(**hook_input["kwargs"])
    File "C:\Users\USER\anaconda3\envs\4D-humans\lib\site-packages\pip\_vendor\pyproject_hooks\_in_process\_in_process.py", line 280, in build_wheel
      return _build_backend().build_wheel(
    File "C:\Users\USER\anaconda3\envs\4D-humans\lib\site-packages\setuptools\build_meta.py", line 441, in build_wheel
      return _build(['bdist_wheel', '--dist-info-dir', str(metadata_directory)])
    File "C:\Users\USER\anaconda3\envs\4D-humans\lib\site-packages\setuptools\build_meta.py", line 429, in _build
      return self._build_with_temp_dir(
    File "C:\Users\USER\anaconda3\envs\4D-humans\lib\site-packages\setuptools\build_meta.py", line 410, in _build_with_temp_dir
      self.run_setup()
    File "C:\Users\USER\anaconda3\envs\4D-humans\lib\site-packages\setuptools\build_meta.py", line 520, in run_setup
      super().run_setup(setup_script=setup_script)
    File "C:\Users\USER\anaconda3\envs\4D-humans\lib\site-packages\setuptools\build_meta.py", line 317, in run_setup
      exec(code, locals())
    File "<string>", line 151, in <module>
    File "C:\Users\USER\anaconda3\envs\4D-humans\lib\site-packages\setuptools\__init__.py", line 117, in setup
      return distutils.core.setup(**attrs)  # type: ignore[return-value]
    File "C:\Users\USER\anaconda3\envs\4D-humans\lib\site-packages\setuptools\_distutils\core.py", line 186, in setup
      return run_commands(dist)
    File "C:\Users\USER\anaconda3\envs\4D-humans\lib\site-packages\setuptools\_distutils\core.py", line 202, in run_commands
      dist.run_commands()
    File "C:\Users\USER\anaconda3\envs\4D-humans\lib\site-packages\setuptools\_distutils\dist.py", line 1000, in run_commands
      self.run_command(cmd)
    File "C:\Users\USER\anaconda3\envs\4D-humans\lib\site-packages\setuptools\dist.py", line 1107, in run_command
      super().run_command(command)
    File "C:\Users\USER\anaconda3\envs\4D-humans\lib\site-packages\setuptools\_distutils\dist.py", line 1019, in run_command
      cmd_obj.run()
    File "C:\Users\USER\anaconda3\envs\4D-humans\lib\site-packages\setuptools\command\bdist_wheel.py", line 370, in run
      self.run_command("build")
    File "C:\Users\USER\anaconda3\envs\4D-humans\lib\site-packages\setuptools\_distutils\cmd.py", line 341, in run_command
      self.distribution.run_command(command)
    File "C:\Users\USER\anaconda3\envs\4D-humans\lib\site-packages\setuptools\dist.py", line 1107, in run_command
      super().run_command(command)
    File "C:\Users\USER\anaconda3\envs\4D-humans\lib\site-packages\setuptools\_distutils\dist.py", line 1019, in run_command
      cmd_obj.run()
    File "C:\Users\USER\anaconda3\envs\4D-humans\lib\site-packages\setuptools\_distutils\command\build.py", line 135, in run
      self.run_command(cmd_name)
    File "C:\Users\USER\anaconda3\envs\4D-humans\lib\site-packages\setuptools\_distutils\cmd.py", line 341, in run_command
      self.distribution.run_command(command)
    File "C:\Users\USER\anaconda3\envs\4D-humans\lib\site-packages\setuptools\dist.py", line 1107, in run_command
      super().run_command(command)
    File "C:\Users\USER\anaconda3\envs\4D-humans\lib\site-packages\setuptools\_distutils\dist.py", line 1019, in run_command
      cmd_obj.run()
    File "C:\Users\USER\anaconda3\envs\4D-humans\lib\site-packages\setuptools\command\build_ext.py", line 97, in run
      _build_ext.run(self)
    File "C:\Users\USER\anaconda3\envs\4D-humans\lib\site-packages\setuptools\_distutils\command\build_ext.py", line 367, in run
      self.build_extensions()
    File "C:\Users\USER\anaconda3\envs\4D-humans\lib\site-packages\torch\utils\cpp_extension.py", line 506, in build_extensions
      compiler_name, compiler_version = self._check_abi()
    File "C:\Users\USER\anaconda3\envs\4D-humans\lib\site-packages\torch\utils\cpp_extension.py", line 898, in _check_abi
      raise UserWarning(msg)
  UserWarning: It seems that the VC environment is activated but DISTUTILS_USE_SDK is not set.This may lead to multiple activations of the VC env.Please set `DISTUTILS_USE_SDK=1` and try again.
  [end of output]
  
  note: This error originates from a subprocess, and is likely not a problem with pip.
  ERROR: Failed building wheel for detectron2
  Building wheel for fvcore (pyproject.toml): started
  Building wheel for fvcore (pyproject.toml): finished with status 'done'
  Created wheel for fvcore: filename=fvcore-0.1.5.post20221221-py3-none-any.whl size=61445 sha256=cf5ee5e7d85363b52f34f82dd44eb83e21fa0526bebe02cffb4342a411b0de67
  Stored in directory: C:\Users\USER\AppData\Local\Temp\pip-ephem-wheel-cache-63lxfzaf\wheels\01\c0\af\77c1cf53a1be9e42a52b48e5af2169d40ec2e89f7362489dd0
  Building wheel for antlr4-python3-runtime (pyproject.toml): started
  Building wheel for antlr4-python3-runtime (pyproject.toml): finished with status 'done'
  Created wheel for antlr4-python3-runtime: filename=antlr4_python3_runtime-4.9.3-py3-none-any.whl size=144614 sha256=82f448a7f6df5ca26c94f2afddc90b702a29371925a576936113a48e4054dff6
  Stored in directory: C:\Users\USER\AppData\Local\Temp\pip-ephem-wheel-cache-63lxfzaf\wheels\12\93\dd\1f6a127edc45659556564c5730f6d4e300888f4bca2d4c5a88
Successfully built fvcore antlr4-python3-runtime
Failed to build detectron2
error: failed-wheel-build-for-install

Failed to build installable wheels for some pyproject.toml based projects

detectron2
